2025-04-26 11:58:08,464 - root - INFO - Training aborted by user.
2025-04-26 15:17:39,405 - root - INFO - [SUCCESS] CUDA is available: NVIDIA GeForce RTX 5070, CUDA version: 11.8
2025-04-26 15:17:39,482 - root - INFO - [SUCCESS] NVIDIA CUDA Compiler (nvcc) is available:
nvcc: NVIDIA (R) Cuda compiler driver
Copyright (c) 2005-2025 NVIDIA Corporation
Built on Fri_Feb_21_20:42:46_Pacific_Standard_Time_2025
Cuda compilation tools, release 12.8, V12.8.93
Build cuda_12.8.r12.8/compiler.35583870_0
2025-04-26 15:17:39,482 - root - INFO - Building CUDA extensions in C:\Users\aiand\Documents\software-engineering\ai-platform-trainer\ai_platform_trainer\cpp...
2025-04-26 15:34:17,642 - root - INFO - [SUCCESS] CUDA is available: NVIDIA GeForce RTX 5070, CUDA version: 11.8
2025-04-26 15:34:17,642 - root - INFO - Skipping CUDA extension build as requested.
2025-04-26 15:34:18,369 - root - INFO - [SUCCESS] GPU environment extension successfully imported
2025-04-26 15:34:18,369 - root - INFO - Running training command: C:\Users\aiand\Documents\software-engineering\ai-platform-trainer\venv\Scripts\python.exe train_enemy_rl_model.py --timesteps=100000 --save-path=models/enemy_rl --log-path=logs/enemy_rl --headless
2025-04-26 15:34:18,521 - root - ERROR - [ERROR] Training failed with return code 1
2025-04-26 15:35:55,190 - root - INFO - [SUCCESS] CUDA is available: NVIDIA GeForce RTX 5070, CUDA version: 11.8
2025-04-26 15:35:55,190 - root - INFO - Skipping CUDA extension build as requested.
2025-04-26 15:35:55,259 - root - INFO - [SUCCESS] GPU environment extension successfully imported
2025-04-26 15:35:55,259 - root - INFO - Running training command: C:\Users\aiand\Documents\software-engineering\ai-platform-trainer\venv\Scripts\python.exe train_enemy_rl_model.py --timesteps=100000 --save-path=models/enemy_rl --log-path=logs/enemy_rl --headless
2025-04-26 15:35:55,507 - root - ERROR - [ERROR] Training failed with return code 1
2025-04-26 15:36:13,864 - root - INFO - [SUCCESS] CUDA is available: NVIDIA GeForce RTX 5070, CUDA version: 11.8
2025-04-26 15:36:13,864 - root - INFO - Skipping CUDA extension build as requested.
2025-04-26 15:36:13,935 - root - INFO - [SUCCESS] GPU environment extension successfully imported
2025-04-26 15:36:13,936 - root - INFO - Running training command: C:\Users\aiand\Documents\software-engineering\ai-platform-trainer\venv\Scripts\python.exe train_enemy_rl_model.py --timesteps=100000 --save-path=models/enemy_rl --log-path=logs/enemy_rl --headless
2025-04-26 15:36:14,329 - root - ERROR - [ERROR] Training failed with return code 1
2025-04-26 15:37:06,618 - root - INFO - [SUCCESS] CUDA is available: NVIDIA GeForce RTX 5070, CUDA version: 11.8
2025-04-26 15:37:06,618 - root - INFO - Skipping CUDA extension build as requested.
2025-04-26 15:37:06,678 - root - INFO - [SUCCESS] GPU environment extension successfully imported
2025-04-26 15:37:06,678 - root - INFO - Running training command: C:\Users\aiand\Documents\software-engineering\ai-platform-trainer\venv\Scripts\python.exe train_enemy_rl_model.py --timesteps=100000 --save-path=models/enemy_rl --log-path=logs/enemy_rl --headless
2025-04-26 15:37:09,126 - root - ERROR - [ERROR] Training failed with return code 1
2025-04-26 15:38:42,835 - root - INFO - [SUCCESS] CUDA is available: NVIDIA GeForce RTX 5070, CUDA version: 11.8
2025-04-26 15:38:42,835 - root - INFO - Skipping CUDA extension build as requested.
2025-04-26 15:38:42,902 - root - INFO - [SUCCESS] GPU environment extension successfully imported
2025-04-26 15:38:42,902 - root - INFO - Running training command: C:\Users\aiand\Documents\software-engineering\ai-platform-trainer\venv\Scripts\python.exe train_enemy_rl_model.py --timesteps=100000 --save-path=models/enemy_rl --log-path=logs/enemy_rl --headless
2025-04-26 15:38:47,221 - root - ERROR - [ERROR] Training failed with return code 1
2025-04-26 15:39:38,117 - root - INFO - [SUCCESS] CUDA is available: NVIDIA GeForce RTX 5070, CUDA version: 11.8
2025-04-26 15:39:38,118 - root - INFO - Skipping CUDA extension build as requested.
2025-04-26 15:39:38,180 - root - INFO - [SUCCESS] GPU environment extension successfully imported
2025-04-26 15:39:38,180 - root - INFO - Running training command: C:\Users\aiand\Documents\software-engineering\ai-platform-trainer\venv\Scripts\python.exe train_enemy_rl_model.py --timesteps=100000 --save-path=models/enemy_rl --log-path=logs/enemy_rl --headless
2025-04-26 15:39:40,537 - root - INFO - [SUCCESS] Training completed successfully in 0h 0m 2s
2025-04-26 15:40:38,293 - root - INFO - [SUCCESS] CUDA is available: NVIDIA GeForce RTX 5070, CUDA version: 11.8
2025-04-26 15:40:38,300 - root - INFO - [SUCCESS] NVIDIA CUDA Compiler (nvcc) is available:
nvcc: NVIDIA (R) Cuda compiler driver
Copyright (c) 2005-2025 NVIDIA Corporation
Built on Fri_Feb_21_20:42:46_Pacific_Standard_Time_2025
Cuda compilation tools, release 12.8, V12.8.93
Build cuda_12.8.r12.8/compiler.35583870_0
2025-04-26 15:40:38,300 - root - INFO - Building CUDA extensions in C:\Users\aiand\Documents\software-engineering\ai-platform-trainer\ai_platform_trainer\cpp...
2025-04-26 17:26:54,436 - root - INFO - [SUCCESS] CUDA is available: NVIDIA GeForce RTX 5070, CUDA version: 11.8
2025-04-26 17:26:54,443 - root - INFO - [SUCCESS] NVIDIA CUDA Compiler (nvcc) is available:
nvcc: NVIDIA (R) Cuda compiler driver
Copyright (c) 2005-2025 NVIDIA Corporation
Built on Fri_Feb_21_20:42:46_Pacific_Standard_Time_2025
Cuda compilation tools, release 12.8, V12.8.93
Build cuda_12.8.r12.8/compiler.35583870_0
2025-04-26 17:26:54,443 - root - INFO - Building CUDA extensions in C:\Users\aiand\Documents\software-engineering\ai-platform-trainer\ai_platform_trainer\cpp...
